This file contains any messages produced by compilers while
running configure, to aid debugging if configure makes a mistake.

It was created by RCU linux tools and drivers for the DCS board  configure 1.5, which was
generated by GNU Autoconf 2.59.  Invocation command line was

  $ ../configure CC=arm-uclinuxeabi-gcc --host=arm-uclinuxeabi

## --------- ##
## Platform. ##
## --------- ##

hostname = alicns03.cern.ch
uname -m = x86_64
uname -r = 2.6.18-348.16.1.el5
uname -s = Linux
uname -v = #1 SMP Wed Aug 21 09:03:55 CEST 2013

/usr/bin/uname -p = unknown
/bin/uname -X     = unknown

/bin/arch              = x86_64
/usr/bin/arch -k       = unknown
/usr/convex/getsysinfo = unknown
hostinfo               = unknown
/bin/machine           = unknown
/usr/bin/oslevel       = unknown
/bin/universe          = unknown

PATH: /rcu2/release/linux-cortexm-1.11.0/tools/bin
PATH: /rcu2/release/linux-cortexm-1.11.0/tools/arm-2010q1/bin
PATH: /usr/kerberos/sbin
PATH: /usr/lib64/qt-3.3/bin
PATH: /usr/kerberos/bin
PATH: /usr/local/bin
PATH: /usr/bin
PATH: /bin
PATH: /usr/X11R6/bin
PATH: /home/gunji/softwares/minsoc/tools/bin/
PATH: /home/gunji/bin
PATH: /home/gunji/softwares/minsoc/tools/bin/


## ----------- ##
## Core tests. ##
## ----------- ##

configure:1565: checking build system type
configure:1583: result: x86_64-unknown-linux-gnu
configure:1591: checking host system type
configure:1605: result: arm-unknown-uclinuxeabi
configure:1613: checking target system type
configure:1627: result: arm-unknown-uclinuxeabi
configure:1657: checking for a BSD-compatible install
configure:1712: result: /usr/bin/install -c
configure:1723: checking whether build environment is sane
configure:1766: result: yes
configure:1831: checking for gawk
configure:1847: found /usr/bin/gawk
configure:1857: result: gawk
configure:1867: checking whether make sets $(MAKE)
configure:1887: result: yes
configure:1963: checking for arm-uclinuxeabi-strip
configure:1979: found /rcu2/release/linux-cortexm-1.11.0/tools/arm-2010q1/bin/arm-uclinuxeabi-strip
configure:1989: result: arm-uclinuxeabi-strip
configure:2091: checking for Linux kernel version
configure:2136: result: 1.11
configure:2140: checking for kernel sources
configure:2149: result: no - driver not built
configure:2175: checking for arm-uclinuxeabi-gcc
configure:2201: result: arm-uclinuxeabi-gcc
configure:2483: checking for C compiler version
configure:2486: arm-uclinuxeabi-gcc --version </dev/null >&5
arm-uclinuxeabi-gcc (Sourcery G++ Lite 2010q1-189) 4.4.1
Copyright (C) 2009 Free Software Foundation, Inc.
This is free software; see the source for copying conditions.  There is NO
warranty; not even for MERCHANTABILITY or FITNESS FOR A PARTICULAR PURPOSE.

configure:2489: $? = 0
configure:2491: arm-uclinuxeabi-gcc -v </dev/null >&5
Using built-in specs.
Target: arm-uclinuxeabi
Configured with: /scratch/julian/2010q1-release-uclinux-lite/src/gcc-4.4-2010q1/configure --build=i686-pc-linux-gnu --host=i686-pc-linux-gnu --target=arm-uclinuxeabi --enable-threads --disable-libmudflap --disable-libssp --disable-libstdcxx-pch --enable-extra-sgxxlite-multilibs --with-gnu-as --with-gnu-ld --with-specs='%{O2:%{!fno-remove-local-statics: -fremove-local-statics}} %{O*:%{O|O0|O1|O2|Os:;:%{!fno-remove-local-statics: -fremove-local-statics}}}' --enable-languages=c,c++ --disable-shared --disable-lto --with-pkgversion='Sourcery G++ Lite 2010q1-189' --with-bugurl=https://support.codesourcery.com/GNUToolchain/ --disable-nls --prefix=/opt/codesourcery --with-sysroot=/opt/codesourcery/arm-uclinuxeabi/libc --with-build-sysroot=/scratch/julian/2010q1-release-uclinux-lite/install/arm-uclinuxeabi/libc --with-gmp=/scratch/julian/2010q1-release-uclinux-lite/obj/host-libs-2010q1-189-arm-uclinuxeabi-i686-pc-linux-gnu/usr --with-mpfr=/scratch/julian/2010q1-release-uclinux-lite/obj/host-libs-2010q1-189-arm-uclinuxeabi-i686-pc-linux-gnu/usr --with-ppl=/scratch/julian/2010q1-release-uclinux-lite/obj/host-libs-2010q1-189-arm-uclinuxeabi-i686-pc-linux-gnu/usr --with-host-libstdcxx='-static-libgcc -Wl,-Bstatic,-lstdc++,-Bdynamic -lm' --with-cloog=/scratch/julian/2010q1-release-uclinux-lite/obj/host-libs-2010q1-189-arm-uclinuxeabi-i686-pc-linux-gnu/usr --disable-libgomp --enable-poison-system-directories --with-build-time-tools=/scratch/julian/2010q1-release-uclinux-lite/install/arm-uclinuxeabi/bin --with-build-time-tools=/scratch/julian/2010q1-release-uclinux-lite/install/arm-uclinuxeabi/bin
Thread model: single
gcc version 4.4.1 (Sourcery G++ Lite 2010q1-189) 
configure:2494: $? = 0
configure:2496: arm-uclinuxeabi-gcc -V </dev/null >&5
arm-uclinuxeabi-gcc: '-V' option must have argument
configure:2499: $? = 1
configure:2522: checking for C compiler default output file name
configure:2525: arm-uclinuxeabi-gcc    conftest.c  >&5
configure:2528: $? = 0
configure:2574: result: a.out
configure:2579: checking whether the C compiler works
configure:2585: ./a.out
../configure: line 2586: ./a.out: cannot execute binary file
configure:2588: $? = 126
configure:2605: result: yes
configure:2612: checking whether we are cross compiling
configure:2614: result: yes
configure:2617: checking for suffix of executables
configure:2619: arm-uclinuxeabi-gcc -o conftest    conftest.c  >&5
configure:2622: $? = 0
configure:2647: result: 
configure:2653: checking for suffix of object files
configure:2674: arm-uclinuxeabi-gcc -c   conftest.c >&5
configure:2677: $? = 0
configure:2699: result: o
configure:2703: checking whether we are using the GNU C compiler
configure:2727: arm-uclinuxeabi-gcc -c   conftest.c >&5
configure:2733: $? = 0
configure:2737: test -z 
			 || test ! -s conftest.err
configure:2740: $? = 0
configure:2743: test -s conftest.o
configure:2746: $? = 0
configure:2759: result: yes
configure:2765: checking whether arm-uclinuxeabi-gcc accepts -g
configure:2786: arm-uclinuxeabi-gcc -c -g  conftest.c >&5
configure:2792: $? = 0
configure:2796: test -z 
			 || test ! -s conftest.err
configure:2799: $? = 0
configure:2802: test -s conftest.o
configure:2805: $? = 0
configure:2816: result: yes
configure:2833: checking for arm-uclinuxeabi-gcc option to accept ANSI C
configure:2903: arm-uclinuxeabi-gcc  -c -g -O2  conftest.c >&5
configure:2909: $? = 0
configure:2913: test -z 
			 || test ! -s conftest.err
configure:2916: $? = 0
configure:2919: test -s conftest.o
configure:2922: $? = 0
configure:2940: result: none needed
configure:2958: arm-uclinuxeabi-gcc -c -g -O2  conftest.c >&5
conftest.c:2: error: expected '=', ',', ';', 'asm' or '__attribute__' before 'me'
configure:2964: $? = 1
configure: failed program was:
| #ifndef __cplusplus
|   choke me
| #endif
configure:3108: checking for style of include used by make
configure:3136: result: GNU
configure:3164: checking dependency style of arm-uclinuxeabi-gcc
configure:3254: result: gcc3
configure:3343: checking for a sed that does not truncate output
configure:3399: result: /bin/sed
configure:3402: checking for egrep
configure:3412: result: grep -E
configure:3428: checking for ld used by arm-uclinuxeabi-gcc
configure:3495: result: /rcu2/release/linux-cortexm-1.11.0/tools/arm-2010q1/arm-uclinuxeabi/bin/ld
configure:3504: checking if the linker (/rcu2/release/linux-cortexm-1.11.0/tools/arm-2010q1/arm-uclinuxeabi/bin/ld) is GNU ld
configure:3519: result: yes
configure:3524: checking for /rcu2/release/linux-cortexm-1.11.0/tools/arm-2010q1/arm-uclinuxeabi/bin/ld option to reload object files
configure:3531: result: -r
configure:3549: checking for BSD-compatible nm
configure:3598: result: /rcu2/release/linux-cortexm-1.11.0/tools/arm-2010q1/bin/arm-uclinuxeabi-nm -B
configure:3602: checking whether ln -s works
configure:3606: result: yes
configure:3613: checking how to recognise dependent libraries
configure:3789: result: unknown
configure:4026: checking how to run the C preprocessor
configure:4061: arm-uclinuxeabi-gcc -E  conftest.c
configure:4067: $? = 0
configure:4099: arm-uclinuxeabi-gcc -E  conftest.c
conftest.c:11: fatal error: ac_nonexistent.h: No such file or directory
compilation terminated.
configure:4105: $? = 1
configure: failed program was:
| /* confdefs.h.  */
| 
| #define PACKAGE_NAME "RCU linux tools and drivers for the DCS board "
| #define PACKAGE_TARNAME "rculinux"
| #define PACKAGE_VERSION "1.5"
| #define PACKAGE_STRING "RCU linux tools and drivers for the DCS board  1.5"
| #define PACKAGE_BUGREPORT "Matthias.Richter@ift.uib.no"
| #define PACKAGE "rculinux"
| #define VERSION "1.5"
| /* end confdefs.h.  */
| #include <ac_nonexistent.h>
configure:4144: result: arm-uclinuxeabi-gcc -E
configure:4168: arm-uclinuxeabi-gcc -E  conftest.c
configure:4174: $? = 0
configure:4206: arm-uclinuxeabi-gcc -E  conftest.c
conftest.c:11: fatal error: ac_nonexistent.h: No such file or directory
compilation terminated.
configure:4212: $? = 1
configure: failed program was:
| /* confdefs.h.  */
| 
| #define PACKAGE_NAME "RCU linux tools and drivers for the DCS board "
| #define PACKAGE_TARNAME "rculinux"
| #define PACKAGE_VERSION "1.5"
| #define PACKAGE_STRING "RCU linux tools and drivers for the DCS board  1.5"
| #define PACKAGE_BUGREPORT "Matthias.Richter@ift.uib.no"
| #define PACKAGE "rculinux"
| #define VERSION "1.5"
| /* end confdefs.h.  */
| #include <ac_nonexistent.h>
configure:4256: checking for ANSI C header files
configure:4281: arm-uclinuxeabi-gcc -c -g -O2  conftest.c >&5
configure:4287: $? = 0
configure:4291: test -z 
			 || test ! -s conftest.err
configure:4294: $? = 0
configure:4297: test -s conftest.o
configure:4300: $? = 0
configure:4412: result: yes
configure:4436: checking for sys/types.h
configure:4452: arm-uclinuxeabi-gcc -c -g -O2  conftest.c >&5
configure:4458: $? = 0
configure:4462: test -z 
			 || test ! -s conftest.err
configure:4465: $? = 0
configure:4468: test -s conftest.o
configure:4471: $? = 0
configure:4482: result: yes
configure:4436: checking for sys/stat.h
configure:4452: arm-uclinuxeabi-gcc -c -g -O2  conftest.c >&5
configure:4458: $? = 0
configure:4462: test -z 
			 || test ! -s conftest.err
configure:4465: $? = 0
configure:4468: test -s conftest.o
configure:4471: $? = 0
configure:4482: result: yes
configure:4436: checking for stdlib.h
configure:4452: arm-uclinuxeabi-gcc -c -g -O2  conftest.c >&5
configure:4458: $? = 0
configure:4462: test -z 
			 || test ! -s conftest.err
configure:4465: $? = 0
configure:4468: test -s conftest.o
configure:4471: $? = 0
configure:4482: result: yes
configure:4436: checking for string.h
configure:4452: arm-uclinuxeabi-gcc -c -g -O2  conftest.c >&5
configure:4458: $? = 0
configure:4462: test -z 
			 || test ! -s conftest.err
configure:4465: $? = 0
configure:4468: test -s conftest.o
configure:4471: $? = 0
configure:4482: result: yes
configure:4436: checking for memory.h
configure:4452: arm-uclinuxeabi-gcc -c -g -O2  conftest.c >&5
configure:4458: $? = 0
configure:4462: test -z 
			 || test ! -s conftest.err
configure:4465: $? = 0
configure:4468: test -s conftest.o
configure:4471: $? = 0
configure:4482: result: yes
configure:4436: checking for strings.h
configure:4452: arm-uclinuxeabi-gcc -c -g -O2  conftest.c >&5
configure:4458: $? = 0
configure:4462: test -z 
			 || test ! -s conftest.err
configure:4465: $? = 0
configure:4468: test -s conftest.o
configure:4471: $? = 0
configure:4482: result: yes
configure:4436: checking for inttypes.h
configure:4452: arm-uclinuxeabi-gcc -c -g -O2  conftest.c >&5
configure:4458: $? = 0
configure:4462: test -z 
			 || test ! -s conftest.err
configure:4465: $? = 0
configure:4468: test -s conftest.o
configure:4471: $? = 0
configure:4482: result: yes
configure:4436: checking for stdint.h
configure:4452: arm-uclinuxeabi-gcc -c -g -O2  conftest.c >&5
configure:4458: $? = 0
configure:4462: test -z 
			 || test ! -s conftest.err
configure:4465: $? = 0
configure:4468: test -s conftest.o
configure:4471: $? = 0
configure:4482: result: yes
configure:4436: checking for unistd.h
configure:4452: arm-uclinuxeabi-gcc -c -g -O2  conftest.c >&5
configure:4458: $? = 0
configure:4462: test -z 
			 || test ! -s conftest.err
configure:4465: $? = 0
configure:4468: test -s conftest.o
configure:4471: $? = 0
configure:4482: result: yes
configure:4508: checking dlfcn.h usability
configure:4520: arm-uclinuxeabi-gcc -c -g -O2  conftest.c >&5
conftest.c:55: fatal error: dlfcn.h: No such file or directory
compilation terminated.
configure:4526: $? = 1
configure: failed program was:
| /* confdefs.h.  */
| 
| #define PACKAGE_NAME "RCU linux tools and drivers for the DCS board "
| #define PACKAGE_TARNAME "rculinux"
| #define PACKAGE_VERSION "1.5"
| #define PACKAGE_STRING "RCU linux tools and drivers for the DCS board  1.5"
| #define PACKAGE_BUGREPORT "Matthias.Richter@ift.uib.no"
| #define PACKAGE "rculinux"
| #define VERSION "1.5"
| #define STDC_HEADERS 1
| #define HAVE_SYS_TYPES_H 1
| #define HAVE_SYS_STAT_H 1
| #define HAVE_STDLIB_H 1
| #define HAVE_STRING_H 1
| #define HAVE_MEMORY_H 1
| #define HAVE_STRINGS_H 1
| #define HAVE_INTTYPES_H 1
| #define HAVE_STDINT_H 1
| #define HAVE_UNISTD_H 1
| /* end confdefs.h.  */
| #include <stdio.h>
| #if HAVE_SYS_TYPES_H
| # include <sys/types.h>
| #endif
| #if HAVE_SYS_STAT_H
| # include <sys/stat.h>
| #endif
| #if STDC_HEADERS
| # include <stdlib.h>
| # include <stddef.h>
| #else
| # if HAVE_STDLIB_H
| #  include <stdlib.h>
| # endif
| #endif
| #if HAVE_STRING_H
| # if !STDC_HEADERS && HAVE_MEMORY_H
| #  include <memory.h>
| # endif
| # include <string.h>
| #endif
| #if HAVE_STRINGS_H
| # include <strings.h>
| #endif
| #if HAVE_INTTYPES_H
| # include <inttypes.h>
| #else
| # if HAVE_STDINT_H
| #  include <stdint.h>
| # endif
| #endif
| #if HAVE_UNISTD_H
| # include <unistd.h>
| #endif
| #include <dlfcn.h>
configure:4549: result: no
configure:4553: checking dlfcn.h presence
configure:4563: arm-uclinuxeabi-gcc -E  conftest.c
conftest.c:21: fatal error: dlfcn.h: No such file or directory
compilation terminated.
configure:4569: $? = 1
configure: failed program was:
| /* confdefs.h.  */
| 
| #define PACKAGE_NAME "RCU linux tools and drivers for the DCS board "
| #define PACKAGE_TARNAME "rculinux"
| #define PACKAGE_VERSION "1.5"
| #define PACKAGE_STRING "RCU linux tools and drivers for the DCS board  1.5"
| #define PACKAGE_BUGREPORT "Matthias.Richter@ift.uib.no"
| #define PACKAGE "rculinux"
| #define VERSION "1.5"
| #define STDC_HEADERS 1
| #define HAVE_SYS_TYPES_H 1
| #define HAVE_SYS_STAT_H 1
| #define HAVE_STDLIB_H 1
| #define HAVE_STRING_H 1
| #define HAVE_MEMORY_H 1
| #define HAVE_STRINGS_H 1
| #define HAVE_INTTYPES_H 1
| #define HAVE_STDINT_H 1
| #define HAVE_UNISTD_H 1
| /* end confdefs.h.  */
| #include <dlfcn.h>
configure:4589: result: no
configure:4624: checking for dlfcn.h
configure:4631: result: no
configure:4654: checking for arm-uclinuxeabi-g++
configure:4670: found /rcu2/release/linux-cortexm-1.11.0/tools/arm-2010q1/bin/arm-uclinuxeabi-g++
configure:4680: result: arm-uclinuxeabi-g++
configure:4738: checking for C++ compiler version
configure:4741: arm-uclinuxeabi-g++ --version </dev/null >&5
arm-uclinuxeabi-g++ (Sourcery G++ Lite 2010q1-189) 4.4.1
Copyright (C) 2009 Free Software Foundation, Inc.
This is free software; see the source for copying conditions.  There is NO
warranty; not even for MERCHANTABILITY or FITNESS FOR A PARTICULAR PURPOSE.

configure:4744: $? = 0
configure:4746: arm-uclinuxeabi-g++ -v </dev/null >&5
Using built-in specs.
Target: arm-uclinuxeabi
Configured with: /scratch/julian/2010q1-release-uclinux-lite/src/gcc-4.4-2010q1/configure --build=i686-pc-linux-gnu --host=i686-pc-linux-gnu --target=arm-uclinuxeabi --enable-threads --disable-libmudflap --disable-libssp --disable-libstdcxx-pch --enable-extra-sgxxlite-multilibs --with-gnu-as --with-gnu-ld --with-specs='%{O2:%{!fno-remove-local-statics: -fremove-local-statics}} %{O*:%{O|O0|O1|O2|Os:;:%{!fno-remove-local-statics: -fremove-local-statics}}}' --enable-languages=c,c++ --disable-shared --disable-lto --with-pkgversion='Sourcery G++ Lite 2010q1-189' --with-bugurl=https://support.codesourcery.com/GNUToolchain/ --disable-nls --prefix=/opt/codesourcery --with-sysroot=/opt/codesourcery/arm-uclinuxeabi/libc --with-build-sysroot=/scratch/julian/2010q1-release-uclinux-lite/install/arm-uclinuxeabi/libc --with-gmp=/scratch/julian/2010q1-release-uclinux-lite/obj/host-libs-2010q1-189-arm-uclinuxeabi-i686-pc-linux-gnu/usr --with-mpfr=/scratch/julian/2010q1-release-uclinux-lite/obj/host-libs-2010q1-189-arm-uclinuxeabi-i686-pc-linux-gnu/usr --with-ppl=/scratch/julian/2010q1-release-uclinux-lite/obj/host-libs-2010q1-189-arm-uclinuxeabi-i686-pc-linux-gnu/usr --with-host-libstdcxx='-static-libgcc -Wl,-Bstatic,-lstdc++,-Bdynamic -lm' --with-cloog=/scratch/julian/2010q1-release-uclinux-lite/obj/host-libs-2010q1-189-arm-uclinuxeabi-i686-pc-linux-gnu/usr --disable-libgomp --enable-poison-system-directories --with-build-time-tools=/scratch/julian/2010q1-release-uclinux-lite/install/arm-uclinuxeabi/bin --with-build-time-tools=/scratch/julian/2010q1-release-uclinux-lite/install/arm-uclinuxeabi/bin
Thread model: single
gcc version 4.4.1 (Sourcery G++ Lite 2010q1-189) 
configure:4749: $? = 0
configure:4751: arm-uclinuxeabi-g++ -V </dev/null >&5
arm-uclinuxeabi-g++: '-V' option must have argument
configure:4754: $? = 1
configure:4757: checking whether we are using the GNU C++ compiler
configure:4781: arm-uclinuxeabi-g++ -c   conftest.cc >&5
configure:4787: $? = 0
configure:4791: test -z 
			 || test ! -s conftest.err
configure:4794: $? = 0
configure:4797: test -s conftest.o
configure:4800: $? = 0
configure:4813: result: yes
configure:4819: checking whether arm-uclinuxeabi-g++ accepts -g
configure:4840: arm-uclinuxeabi-g++ -c -g  conftest.cc >&5
configure:4846: $? = 0
configure:4850: test -z 
			 || test ! -s conftest.err
configure:4853: $? = 0
configure:4856: test -s conftest.o
configure:4859: $? = 0
configure:4870: result: yes
configure:4912: arm-uclinuxeabi-g++ -c -g -O2  conftest.cc >&5
configure:4918: $? = 0
configure:4922: test -z 
			 || test ! -s conftest.err
configure:4925: $? = 0
configure:4928: test -s conftest.o
configure:4931: $? = 0
configure:4957: arm-uclinuxeabi-g++ -c -g -O2  conftest.cc >&5
conftest.cc: In function 'int main()':
conftest.cc:25: error: 'exit' was not declared in this scope
configure:4963: $? = 1
configure: failed program was:
| /* confdefs.h.  */
| 
| #define PACKAGE_NAME "RCU linux tools and drivers for the DCS board "
| #define PACKAGE_TARNAME "rculinux"
| #define PACKAGE_VERSION "1.5"
| #define PACKAGE_STRING "RCU linux tools and drivers for the DCS board  1.5"
| #define PACKAGE_BUGREPORT "Matthias.Richter@ift.uib.no"
| #define PACKAGE "rculinux"
| #define VERSION "1.5"
| #define STDC_HEADERS 1
| #define HAVE_SYS_TYPES_H 1
| #define HAVE_SYS_STAT_H 1
| #define HAVE_STDLIB_H 1
| #define HAVE_STRING_H 1
| #define HAVE_MEMORY_H 1
| #define HAVE_STRINGS_H 1
| #define HAVE_INTTYPES_H 1
| #define HAVE_STDINT_H 1
| #define HAVE_UNISTD_H 1
| /* end confdefs.h.  */
| 
| int
| main ()
| {
| exit (42);
|   ;
|   return 0;
| }
configure:4912: arm-uclinuxeabi-g++ -c -g -O2  conftest.cc >&5
conftest.cc:21: error: 'void std::exit(int)' should have been declared inside 'std'
configure:4918: $? = 1
configure: failed program was:
| /* confdefs.h.  */
| 
| #define PACKAGE_NAME "RCU linux tools and drivers for the DCS board "
| #define PACKAGE_TARNAME "rculinux"
| #define PACKAGE_VERSION "1.5"
| #define PACKAGE_STRING "RCU linux tools and drivers for the DCS board  1.5"
| #define PACKAGE_BUGREPORT "Matthias.Richter@ift.uib.no"
| #define PACKAGE "rculinux"
| #define VERSION "1.5"
| #define STDC_HEADERS 1
| #define HAVE_SYS_TYPES_H 1
| #define HAVE_SYS_STAT_H 1
| #define HAVE_STDLIB_H 1
| #define HAVE_STRING_H 1
| #define HAVE_MEMORY_H 1
| #define HAVE_STRINGS_H 1
| #define HAVE_INTTYPES_H 1
| #define HAVE_STDINT_H 1
| #define HAVE_UNISTD_H 1
| /* end confdefs.h.  */
| extern "C" void std::exit (int) throw (); using std::exit;
| #include <stdlib.h>
| int
| main ()
| {
| exit (42);
|   ;
|   return 0;
| }
configure:4912: arm-uclinuxeabi-g++ -c -g -O2  conftest.cc >&5
conftest.cc:21: error: 'void std::exit(int)' should have been declared inside 'std'
In file included from conftest.cc:22:
/rcu2/release/linux-cortexm-1.11.0/tools/arm-2010q1/bin/../arm-uclinuxeabi/libc/usr/include/stdlib.h:521: error: declaration of 'void std::exit(int) throw ()' throws different exceptions
conftest.cc:21: error: from previous declaration 'void std::exit(int)'
configure:4918: $? = 1
configure: failed program was:
| /* confdefs.h.  */
| 
| #define PACKAGE_NAME "RCU linux tools and drivers for the DCS board "
| #define PACKAGE_TARNAME "rculinux"
| #define PACKAGE_VERSION "1.5"
| #define PACKAGE_STRING "RCU linux tools and drivers for the DCS board  1.5"
| #define PACKAGE_BUGREPORT "Matthias.Richter@ift.uib.no"
| #define PACKAGE "rculinux"
| #define VERSION "1.5"
| #define STDC_HEADERS 1
| #define HAVE_SYS_TYPES_H 1
| #define HAVE_SYS_STAT_H 1
| #define HAVE_STDLIB_H 1
| #define HAVE_STRING_H 1
| #define HAVE_MEMORY_H 1
| #define HAVE_STRINGS_H 1
| #define HAVE_INTTYPES_H 1
| #define HAVE_STDINT_H 1
| #define HAVE_UNISTD_H 1
| /* end confdefs.h.  */
| extern "C" void std::exit (int); using std::exit;
| #include <stdlib.h>
| int
| main ()
| {
| exit (42);
|   ;
|   return 0;
| }
configure:4912: arm-uclinuxeabi-g++ -c -g -O2  conftest.cc >&5
configure:4918: $? = 0
configure:4922: test -z 
			 || test ! -s conftest.err
configure:4925: $? = 0
configure:4928: test -s conftest.o
configure:4931: $? = 0
configure:4957: arm-uclinuxeabi-g++ -c -g -O2  conftest.cc >&5
configure:4963: $? = 0
configure:4967: test -z 
			 || test ! -s conftest.err
configure:4970: $? = 0
configure:4973: test -s conftest.o
configure:4976: $? = 0
configure:5001: checking dependency style of arm-uclinuxeabi-g++
configure:5091: result: gcc3
configure:5118: checking how to run the C++ preprocessor
configure:5149: arm-uclinuxeabi-g++ -E  conftest.cc
configure:5155: $? = 0
configure:5187: arm-uclinuxeabi-g++ -E  conftest.cc
conftest.cc:24: fatal error: ac_nonexistent.h: No such file or directory
compilation terminated.
configure:5193: $? = 1
configure: failed program was:
| /* confdefs.h.  */
| 
| #define PACKAGE_NAME "RCU linux tools and drivers for the DCS board "
| #define PACKAGE_TARNAME "rculinux"
| #define PACKAGE_VERSION "1.5"
| #define PACKAGE_STRING "RCU linux tools and drivers for the DCS board  1.5"
| #define PACKAGE_BUGREPORT "Matthias.Richter@ift.uib.no"
| #define PACKAGE "rculinux"
| #define VERSION "1.5"
| #define STDC_HEADERS 1
| #define HAVE_SYS_TYPES_H 1
| #define HAVE_SYS_STAT_H 1
| #define HAVE_STDLIB_H 1
| #define HAVE_STRING_H 1
| #define HAVE_MEMORY_H 1
| #define HAVE_STRINGS_H 1
| #define HAVE_INTTYPES_H 1
| #define HAVE_STDINT_H 1
| #define HAVE_UNISTD_H 1
| #ifdef __cplusplus
| extern "C" void exit (int) throw ();
| #endif
| /* end confdefs.h.  */
| #include <ac_nonexistent.h>
configure:5232: result: arm-uclinuxeabi-g++ -E
configure:5256: arm-uclinuxeabi-g++ -E  conftest.cc
configure:5262: $? = 0
configure:5294: arm-uclinuxeabi-g++ -E  conftest.cc
conftest.cc:24: fatal error: ac_nonexistent.h: No such file or directory
compilation terminated.
configure:5300: $? = 1
configure: failed program was:
| /* confdefs.h.  */
| 
| #define PACKAGE_NAME "RCU linux tools and drivers for the DCS board "
| #define PACKAGE_TARNAME "rculinux"
| #define PACKAGE_VERSION "1.5"
| #define PACKAGE_STRING "RCU linux tools and drivers for the DCS board  1.5"
| #define PACKAGE_BUGREPORT "Matthias.Richter@ift.uib.no"
| #define PACKAGE "rculinux"
| #define VERSION "1.5"
| #define STDC_HEADERS 1
| #define HAVE_SYS_TYPES_H 1
| #define HAVE_SYS_STAT_H 1
| #define HAVE_STDLIB_H 1
| #define HAVE_STRING_H 1
| #define HAVE_MEMORY_H 1
| #define HAVE_STRINGS_H 1
| #define HAVE_INTTYPES_H 1
| #define HAVE_STDINT_H 1
| #define HAVE_UNISTD_H 1
| #ifdef __cplusplus
| extern "C" void exit (int) throw ();
| #endif
| /* end confdefs.h.  */
| #include <ac_nonexistent.h>
configure:5355: checking for arm-uclinuxeabi-g77
configure:5384: result: no
configure:5355: checking for arm-uclinuxeabi-f77
configure:5384: result: no
configure:5355: checking for arm-uclinuxeabi-xlf
configure:5384: result: no
configure:5355: checking for arm-uclinuxeabi-frt
configure:5384: result: no
configure:5355: checking for arm-uclinuxeabi-pgf77
configure:5384: result: no
configure:5355: checking for arm-uclinuxeabi-fort77
configure:5384: result: no
configure:5355: checking for arm-uclinuxeabi-fl32
configure:5384: result: no
configure:5355: checking for arm-uclinuxeabi-af77
configure:5384: result: no
configure:5355: checking for arm-uclinuxeabi-f90
configure:5384: result: no
configure:5355: checking for arm-uclinuxeabi-xlf90
configure:5384: result: no
configure:5355: checking for arm-uclinuxeabi-pgf90
configure:5384: result: no
configure:5355: checking for arm-uclinuxeabi-epcf90
configure:5384: result: no
configure:5355: checking for arm-uclinuxeabi-f95
configure:5384: result: no
configure:5355: checking for arm-uclinuxeabi-fort
configure:5384: result: no
configure:5355: checking for arm-uclinuxeabi-xlf95
configure:5384: result: no
configure:5355: checking for arm-uclinuxeabi-ifc
configure:5384: result: no
configure:5355: checking for arm-uclinuxeabi-efc
configure:5384: result: no
configure:5355: checking for arm-uclinuxeabi-pgf95
configure:5384: result: no
configure:5355: checking for arm-uclinuxeabi-lf95
configure:5384: result: no
configure:5355: checking for arm-uclinuxeabi-gfortran
configure:5384: result: no
configure:5397: checking for g77
configure:5413: found /usr/bin/g77
configure:5423: result: g77
configure:5438: checking for Fortran 77 compiler version
configure:5441: g77 --version </dev/null >&5
GNU Fortran (GCC) 3.4.6 20060404 (Red Hat 3.4.6-4.1)
Copyright (C) 2006 Free Software Foundation, Inc.

GNU Fortran comes with NO WARRANTY, to the extent permitted by law.
You may redistribute copies of GNU Fortran
under the terms of the GNU General Public License.
For more information about these matters, see the file named COPYING
or type the command `info -f g77 Copying'.
configure:5444: $? = 0
configure:5446: g77 -v </dev/null >&5
Reading specs from /usr/lib/gcc/x86_64-redhat-linux/3.4.6/specs
Configured with: ../configure --prefix=/usr --mandir=/usr/share/man --infodir=/usr/share/info --enable-shared --enable-threads=posix --disable-checking --with-system-zlib --enable-__cxa_atexit --disable-libunwind-exceptions --enable-languages=c,c++,f77 --disable-libgcj --host=x86_64-redhat-linux
Thread model: posix
gcc version 3.4.6 20060404 (Red Hat 3.4.6-4.1)
configure:5449: $? = 0
configure:5451: g77 -V </dev/null >&5
g77: `-V' option must have argument
configure:5454: $? = 1
configure:5462: checking whether we are using the GNU Fortran 77 compiler
configure:5476: g77 -c  conftest.F >&5
configure:5482: $? = 0
configure:5486: test -z 
			 || test ! -s conftest.err
configure:5489: $? = 0
configure:5492: test -s conftest.o
configure:5495: $? = 0
configure:5508: result: yes
configure:5514: checking whether g77 accepts -g
configure:5526: g77 -c -g conftest.f >&5
configure:5532: $? = 0
configure:5536: test -z 
			 || test ! -s conftest.err
configure:5539: $? = 0
configure:5542: test -s conftest.o
configure:5545: $? = 0
configure:5557: result: yes
configure:5587: checking the maximum length of command line arguments
configure:5696: result: 32768
configure:5707: checking command to parse /rcu2/release/linux-cortexm-1.11.0/tools/arm-2010q1/bin/arm-uclinuxeabi-nm -B output from arm-uclinuxeabi-gcc object
configure:5812: arm-uclinuxeabi-gcc -c -g -O2  conftest.c >&5
configure:5815: $? = 0
configure:5819: /rcu2/release/linux-cortexm-1.11.0/tools/arm-2010q1/bin/arm-uclinuxeabi-nm -B conftest.o \| sed -n -e 's/^.*[ 	]\([ABCDGIRSTW][ABCDGIRSTW]*\)[ 	][ 	]*\([_A-Za-z][_A-Za-z0-9]*\)$/\1 \2 \2/p' \> conftest.nm
configure:5822: $? = 0
configure:5874: arm-uclinuxeabi-gcc -o conftest -g -O2   conftest.c conftstm.o >&5
configure:5877: $? = 0
configure:5915: result: ok
configure:5919: checking for objdir
configure:5934: result: .libs
configure:5986: checking for arm-uclinuxeabi-ar
configure:6002: found /rcu2/release/linux-cortexm-1.11.0/tools/arm-2010q1/bin/arm-uclinuxeabi-ar
configure:6012: result: arm-uclinuxeabi-ar
configure:6066: checking for arm-uclinuxeabi-ranlib
configure:6082: found /rcu2/release/linux-cortexm-1.11.0/tools/arm-2010q1/bin/arm-uclinuxeabi-ranlib
configure:6092: result: arm-uclinuxeabi-ranlib
configure:6146: checking for arm-uclinuxeabi-strip
configure:6172: result: arm-uclinuxeabi-strip
configure:6483: checking if arm-uclinuxeabi-gcc supports -fno-rtti -fno-exceptions
configure:6501: arm-uclinuxeabi-gcc -c -g -O2  -fno-rtti -fno-exceptions conftest.c >&5
cc1: warning: command line option "-fno-rtti" is valid for C++/ObjC++ but not for C
configure:6505: $? = 0
configure:6518: result: no
configure:6533: checking for arm-uclinuxeabi-gcc option to produce PIC
configure:6743: result: -fPIC
configure:6751: checking if arm-uclinuxeabi-gcc PIC flag -fPIC works
configure:6769: arm-uclinuxeabi-gcc -c -g -O2  -fPIC -DPIC conftest.c >&5
configure:6773: $? = 0
configure:6786: result: yes
configure:6814: checking if arm-uclinuxeabi-gcc static flag -static works
configure:6842: result: yes
configure:6852: checking if arm-uclinuxeabi-gcc supports -c -o file.o
configure:6873: arm-uclinuxeabi-gcc -c -g -O2  -o out/conftest2.o conftest.c >&5
configure:6877: $? = 0
configure:6899: result: yes
configure:6925: checking whether the arm-uclinuxeabi-gcc linker (/rcu2/release/linux-cortexm-1.11.0/tools/arm-2010q1/arm-uclinuxeabi/bin/ld) supports shared libraries
configure:7883: result: yes
configure:7904: checking whether -lc should be explicitly linked in
configure:7909: arm-uclinuxeabi-gcc -c -g -O2  conftest.c >&5
configure:7912: $? = 0
configure:7927: arm-uclinuxeabi-gcc -shared conftest.o  -v -Wl,-soname -Wl,conftest -o conftest 2\>\&1 \| grep  -lc  \>/dev/null 2\>\&1
configure:7930: $? = 0
configure:7942: result: no
configure:7950: checking dynamic linker characteristics
configure:8559: result: no
configure:8568: checking how to hardcode library paths into programs
configure:8593: result: immediate
configure:8607: checking whether stripping libraries is possible
configure:8612: result: yes
configure:9446: checking if libtool supports shared libraries
configure:9448: result: no
configure:9451: checking whether to build shared libraries
configure:9472: result: no
configure:9475: checking whether to build static libraries
configure:9479: result: yes
configure:9571: creating libtool
configure:10162: checking for ld used by arm-uclinuxeabi-g++
configure:10229: result: /rcu2/release/linux-cortexm-1.11.0/tools/arm-2010q1/arm-uclinuxeabi/bin/ld
configure:10238: checking if the linker (/rcu2/release/linux-cortexm-1.11.0/tools/arm-2010q1/arm-uclinuxeabi/bin/ld) is GNU ld
configure:10253: result: yes
configure:10304: checking whether the arm-uclinuxeabi-g++ linker (/rcu2/release/linux-cortexm-1.11.0/tools/arm-2010q1/arm-uclinuxeabi/bin/ld) supports shared libraries
configure:11242: result: no
configure:11260: arm-uclinuxeabi-g++ -c -g -O2  conftest.cpp >&5
configure:11263: $? = 0
configure:11382: checking for arm-uclinuxeabi-g++ option to produce PIC
configure:11656: result: -fPIC
configure:11664: checking if arm-uclinuxeabi-g++ PIC flag -fPIC works
configure:11682: arm-uclinuxeabi-g++ -c -g -O2  -fPIC -DPIC conftest.cpp >&5
configure:11686: $? = 0
configure:11699: result: yes
configure:11727: checking if arm-uclinuxeabi-g++ static flag -static works
configure:11755: result: yes
configure:11765: checking if arm-uclinuxeabi-g++ supports -c -o file.o
configure:11786: arm-uclinuxeabi-g++ -c -g -O2  -o out/conftest2.o conftest.cpp >&5
configure:11790: $? = 0
configure:11812: result: yes
configure:11838: checking whether the arm-uclinuxeabi-g++ linker (/rcu2/release/linux-cortexm-1.11.0/tools/arm-2010q1/arm-uclinuxeabi/bin/ld) supports shared libraries
configure:11863: result: no
configure:11930: checking dynamic linker characteristics
configure:12539: result: no
configure:12548: checking how to hardcode library paths into programs
configure:12573: result: immediate
configure:13102: checking if libtool supports shared libraries
configure:13104: result: no
configure:13107: checking whether to build shared libraries
configure:13127: result: no
configure:13130: checking whether to build static libraries
configure:13134: result: yes
configure:13144: checking for g77 option to produce PIC
configure:13354: result: -fPIC
configure:13362: checking if g77 PIC flag -fPIC works
configure:13380: g77 -c -g -O2 -fPIC conftest.f >&5
configure:13384: $? = 0
configure:13397: result: yes
configure:13425: checking if g77 static flag -static works
configure:13453: result: yes
configure:13463: checking if g77 supports -c -o file.o
configure:13484: g77 -c -g -O2 -o out/conftest2.o conftest.f >&5
configure:13488: $? = 0
configure:13510: result: yes
configure:13536: checking whether the g77 linker (/rcu2/release/linux-cortexm-1.11.0/tools/arm-2010q1/arm-uclinuxeabi/bin/ld) supports shared libraries
configure:14474: result: yes
configure:14541: checking dynamic linker characteristics
configure:15150: result: no
configure:15159: checking how to hardcode library paths into programs
configure:15184: result: immediate
configure:18782: checking whether to make debug objects
configure:18808: result: yes 'CFLAGS=-g -O2'
configure:18823: checking for optimiztion level
configure:18842: result: yes 'CFLAGS=-g -O2'
configure:18846: checking whether to enable DCSC simulation
configure:18863: result: no
configure:18876: checking for perl
configure:18894: found /usr/bin/perl
configure:18906: result: /usr/bin/perl
configure:18915: checking for doxygen
configure:18933: found /usr/bin/doxygen
configure:18945: result: /usr/bin/doxygen
configure:18966: checking for dot
configure:18984: found /usr/bin/dot
configure:18996: result: /usr/bin/dot
configure:19010: checking whether to build pdf documentation
configure:19029: result: no
configure:19217: creating ./config.status

## ---------------------- ##
## Running config.status. ##
## ---------------------- ##

This file was extended by RCU linux tools and drivers for the DCS board  config.status 1.5, which was
generated by GNU Autoconf 2.59.  Invocation command line was

  CONFIG_FILES    = 
  CONFIG_HEADERS  = 
  CONFIG_LINKS    = 
  CONFIG_COMMANDS = 
  $ ./config.status 

on alicns03.cern.ch

config.status:737: creating Makefile
config.status:737: creating src/Makefile
config.status:737: creating dcscMsgBufferInterface/Makefile
config.status:737: creating doc/Makefile
config.status:737: creating drivers/Makefile
config.status:737: creating doc/doxygen.conf
config.status:913: executing depfiles commands

## ---------------- ##
## Cache variables. ##
## ---------------- ##

ac_cv_build=x86_64-unknown-linux-gnu
ac_cv_build_alias=x86_64-unknown-linux-gnu
ac_cv_c_compiler_gnu=yes
ac_cv_cxx_compiler_gnu=yes
ac_cv_env_CC_set=set
ac_cv_env_CC_value=arm-uclinuxeabi-gcc
ac_cv_env_CFLAGS_set=
ac_cv_env_CFLAGS_value=
ac_cv_env_CPPFLAGS_set=
ac_cv_env_CPPFLAGS_value=
ac_cv_env_CPP_set=
ac_cv_env_CPP_value=
ac_cv_env_CXXCPP_set=
ac_cv_env_CXXCPP_value=
ac_cv_env_CXXFLAGS_set=
ac_cv_env_CXXFLAGS_value=
ac_cv_env_CXX_set=
ac_cv_env_CXX_value=
ac_cv_env_DOXYGEN_set=
ac_cv_env_DOXYGEN_value=
ac_cv_env_F77_set=
ac_cv_env_F77_value=
ac_cv_env_FFLAGS_set=
ac_cv_env_FFLAGS_value=
ac_cv_env_LDFLAGS_set=
ac_cv_env_LDFLAGS_value=
ac_cv_env_build_alias_set=
ac_cv_env_build_alias_value=
ac_cv_env_host_alias_set=set
ac_cv_env_host_alias_value=arm-uclinuxeabi
ac_cv_env_target_alias_set=
ac_cv_env_target_alias_value=
ac_cv_exeext=
ac_cv_f77_compiler_gnu=yes
ac_cv_header_dlfcn_h=no
ac_cv_header_inttypes_h=yes
ac_cv_header_memory_h=yes
ac_cv_header_stdc=yes
ac_cv_header_stdint_h=yes
ac_cv_header_stdlib_h=yes
ac_cv_header_string_h=yes
ac_cv_header_strings_h=yes
ac_cv_header_sys_stat_h=yes
ac_cv_header_sys_types_h=yes
ac_cv_header_unistd_h=yes
ac_cv_host=arm-unknown-uclinuxeabi
ac_cv_host_alias=arm-uclinuxeabi
ac_cv_objext=o
ac_cv_path_DOT=/usr/bin/dot
ac_cv_path_DOXYGEN=/usr/bin/doxygen
ac_cv_path_PERL=/usr/bin/perl
ac_cv_path_install='/usr/bin/install -c'
ac_cv_prog_AR=arm-uclinuxeabi-ar
ac_cv_prog_AWK=gawk
ac_cv_prog_CC=arm-uclinuxeabi-gcc
ac_cv_prog_CPP='arm-uclinuxeabi-gcc -E'
ac_cv_prog_CXX=arm-uclinuxeabi-g++
ac_cv_prog_CXXCPP='arm-uclinuxeabi-g++ -E'
ac_cv_prog_RANLIB=arm-uclinuxeabi-ranlib
ac_cv_prog_STRIP=arm-uclinuxeabi-strip
ac_cv_prog_ac_ct_F77=g77
ac_cv_prog_cc_g=yes
ac_cv_prog_cc_stdc=
ac_cv_prog_cxx_g=yes
ac_cv_prog_egrep='grep -E'
ac_cv_prog_f77_g=yes
ac_cv_prog_make_make_set=yes
ac_cv_target=arm-unknown-uclinuxeabi
ac_cv_target_alias=arm-uclinuxeabi
am_cv_CC_dependencies_compiler_type=gcc3
am_cv_CXX_dependencies_compiler_type=gcc3
lt_cv_deplibs_check_method=unknown
lt_cv_file_magic_cmd='$MAGIC_CMD'
lt_cv_file_magic_test_file=
lt_cv_ld_reload_flag=-r
lt_cv_objdir=.libs
lt_cv_path_LD=/rcu2/release/linux-cortexm-1.11.0/tools/arm-2010q1/arm-uclinuxeabi/bin/ld
lt_cv_path_LDCXX=/rcu2/release/linux-cortexm-1.11.0/tools/arm-2010q1/arm-uclinuxeabi/bin/ld
lt_cv_path_NM='/rcu2/release/linux-cortexm-1.11.0/tools/arm-2010q1/bin/arm-uclinuxeabi-nm -B'
lt_cv_path_SED=/bin/sed
lt_cv_prog_compiler_c_o=yes
lt_cv_prog_compiler_c_o_CXX=yes
lt_cv_prog_compiler_c_o_F77=yes
lt_cv_prog_compiler_rtti_exceptions=no
lt_cv_prog_gnu_ld=yes
lt_cv_prog_gnu_ldcxx=yes
lt_cv_sys_global_symbol_pipe='sed -n -e '\''s/^.*[ 	]\([ABCDGIRSTW][ABCDGIRSTW]*\)[ 	][ 	]*\([_A-Za-z][_A-Za-z0-9]*\)$/\1 \2 \2/p'\'''
lt_cv_sys_global_symbol_to_c_name_address='sed -n -e '\''s/^: \([^ ]*\) $/  {\"\1\", (lt_ptr) 0},/p'\'' -e '\''s/^[BCDEGRST] \([^ ]*\) \([^ ]*\)$/  {"\2", (lt_ptr) \&\2},/p'\'''
lt_cv_sys_global_symbol_to_cdecl='sed -n -e '\''s/^. .* \(.*\)$/extern int \1;/p'\'''
lt_cv_sys_max_cmd_len=32768
lt_lt_cv_prog_compiler_c_o='"yes"'
lt_lt_cv_prog_compiler_c_o_CXX='"yes"'
lt_lt_cv_prog_compiler_c_o_F77='"yes"'
lt_lt_cv_sys_global_symbol_pipe='"sed -n -e '\''s/^.*[ 	]\\([ABCDGIRSTW][ABCDGIRSTW]*\\)[ 	][ 	]*\\([_A-Za-z][_A-Za-z0-9]*\\)\$/\\1 \\2 \\2/p'\''"'
lt_lt_cv_sys_global_symbol_to_c_name_address='"sed -n -e '\''s/^: \\([^ ]*\\) \$/  {\\\"\\1\\\", (lt_ptr) 0},/p'\'' -e '\''s/^[BCDEGRST] \\([^ ]*\\) \\([^ ]*\\)\$/  {\"\\2\", (lt_ptr) \\&\\2},/p'\''"'
lt_lt_cv_sys_global_symbol_to_cdecl='"sed -n -e '\''s/^. .* \\(.*\\)\$/extern int \\1;/p'\''"'

## ----------------- ##
## Output variables. ##
## ----------------- ##

ACLOCAL='${SHELL} /rcu2/rculinux-2.0/missing --run aclocal-1.9'
AMDEPBACKSLASH='\'
AMDEP_FALSE='#'
AMDEP_TRUE=''
AMTAR='${SHELL} /rcu2/rculinux-2.0/missing --run tar'
AR='arm-uclinuxeabi-ar'
ARM_COMPILING_FALSE='#'
ARM_COMPILING_TRUE=''
AUTOCONF='${SHELL} /rcu2/rculinux-2.0/missing --run autoconf'
AUTOHEADER='${SHELL} /rcu2/rculinux-2.0/missing --run autoheader'
AUTOMAKE='${SHELL} /rcu2/rculinux-2.0/missing --run automake-1.9'
AWK='gawk'
CC='arm-uclinuxeabi-gcc'
CCDEPMODE='depmode=gcc3'
CFLAGS='-g -O2'
CPP='arm-uclinuxeabi-gcc -E'
CPPFLAGS=''
CREATE_PDF_DOC_FALSE=''
CREATE_PDF_DOC_TRUE='#'
CXX='arm-uclinuxeabi-g++'
CXXCPP='arm-uclinuxeabi-g++ -E'
CXXDEPMODE='depmode=gcc3'
CXXFLAGS='-g -O2'
CYGPATH_W='echo'
DEFS='-DPACKAGE_NAME=\"RCU\ linux\ tools\ and\ drivers\ for\ the\ DCS\ board\ \" -DPACKAGE_TARNAME=\"rculinux\" -DPACKAGE_VERSION=\"1.5\" -DPACKAGE_STRING=\"RCU\ linux\ tools\ and\ drivers\ for\ the\ DCS\ board\ \ 1.5\" -DPACKAGE_BUGREPORT=\"Matthias.Richter@ift.uib.no\" -DPACKAGE=\"rculinux\" -DVERSION=\"1.5\" -DSTDC_HEADERS=1 -DHAVE_SYS_TYPES_H=1 -DHAVE_SYS_STAT_H=1 -DHAVE_STDLIB_H=1 -DHAVE_STRING_H=1 -DHAVE_MEMORY_H=1 -DHAVE_STRINGS_H=1 -DHAVE_INTTYPES_H=1 -DHAVE_STDINT_H=1 -DHAVE_UNISTD_H=1 -D__DEBUG=1 -DENABLE_MEMORY_GUARD=1 '
DEPDIR='.deps'
DOT='/usr/bin/dot'
DOT_PATH='/usr/bin'
DOXYGEN='/usr/bin/doxygen'
ECHO='echo'
ECHO_C=''
ECHO_N='-n'
ECHO_T=''
EGREP='grep -E'
EN_DRIVERS_FALSE='#'
EN_DRIVERS_TRUE=''
EXEEXT=''
F77='g77'
FFLAGS='-g -O2'
HAVE_DOT='YES'
HAVE_DOXYGEN_FALSE='#'
HAVE_DOXYGEN_TRUE=''
INSTALL_DATA='${INSTALL} -m 644'
INSTALL_PROGRAM='${INSTALL}'
INSTALL_SCRIPT='${INSTALL}'
INSTALL_STRIP_PROGRAM='${SHELL} $(install_sh) -c -s'
KSRC='/rcu2/release/linux-cortexm-1.11.0'
KVERS='1.11'
LD='/rcu2/release/linux-cortexm-1.11.0/tools/arm-2010q1/arm-uclinuxeabi/bin/ld'
LDFLAGS=''
LIBOBJS=''
LIBS=''
LIBTOOL='$(SHELL) $(top_builddir)/libtool'
LN_S='ln -s'
LTLIBOBJS=''
MAKEINFO='${SHELL} /rcu2/rculinux-2.0/missing --run makeinfo'
MODEXT='ko'
OBJEXT='o'
PACKAGE='rculinux'
PACKAGE_BUGREPORT='Matthias.Richter@ift.uib.no'
PACKAGE_NAME='RCU linux tools and drivers for the DCS board '
PACKAGE_STRING='RCU linux tools and drivers for the DCS board  1.5'
PACKAGE_TARNAME='rculinux'
PACKAGE_VERSION='1.5'
PATH_SEPARATOR=':'
PERL='/usr/bin/perl'
PRE26_BUILD_FALSE=''
PRE26_BUILD_TRUE='#'
RANLIB='arm-uclinuxeabi-ranlib'
RCUBUS_DRIVER_VERSION='0.6'
RCU_SH_VERSION='1.4.2'
SED='/bin/sed'
SET_MAKE=''
SHELL='/bin/sh'
STRIP='arm-uclinuxeabi-strip'
VERSION='1.5'
ac_ct_AR=''
ac_ct_CC=''
ac_ct_CXX=''
ac_ct_F77='g77'
ac_ct_RANLIB=''
ac_ct_STRIP=''
am__fastdepCC_FALSE='#'
am__fastdepCC_TRUE=''
am__fastdepCXX_FALSE='#'
am__fastdepCXX_TRUE=''
am__include='include'
am__leading_dot='.'
am__quote=''
am__tar='${AMTAR} chof - "$$tardir"'
am__untar='${AMTAR} xf -'
bindir='${exec_prefix}/bin'
build='x86_64-unknown-linux-gnu'
build_alias=''
build_cpu='x86_64'
build_os='linux-gnu'
build_vendor='unknown'
datadir='${prefix}/share'
exec_prefix='${prefix}'
host='arm-unknown-uclinuxeabi'
host_alias='arm-uclinuxeabi'
host_cpu='arm'
host_os='uclinuxeabi'
host_vendor='unknown'
includedir='${prefix}/include'
infodir='${prefix}/info'
install_sh='/rcu2/rculinux-2.0/install-sh'
libdir='${exec_prefix}/lib'
libexecdir='${exec_prefix}/libexec'
localstatedir='${prefix}/var'
mandir='${prefix}/man'
mkdir_p='mkdir -p --'
oldincludedir='/usr/include'
prefix='/rcu2/rculinux-2.0/build'
program_transform_name='s,x,x,'
sbindir='${exec_prefix}/sbin'
sharedstatedir='${prefix}/com'
sysconfdir='${prefix}/etc'
target='arm-unknown-uclinuxeabi'
target_alias=''
target_cpu='arm'
target_os='uclinuxeabi'
target_vendor='unknown'

## ----------- ##
## confdefs.h. ##
## ----------- ##

#define ENABLE_MEMORY_GUARD 1
#define HAVE_INTTYPES_H 1
#define HAVE_MEMORY_H 1
#define HAVE_STDINT_H 1
#define HAVE_STDLIB_H 1
#define HAVE_STRINGS_H 1
#define HAVE_STRING_H 1
#define HAVE_SYS_STAT_H 1
#define HAVE_SYS_TYPES_H 1
#define HAVE_UNISTD_H 1
#define PACKAGE "rculinux"
#define PACKAGE_BUGREPORT "Matthias.Richter@ift.uib.no"
#define PACKAGE_NAME "RCU linux tools and drivers for the DCS board "
#define PACKAGE_STRING "RCU linux tools and drivers for the DCS board  1.5"
#define PACKAGE_TARNAME "rculinux"
#define PACKAGE_VERSION "1.5"
#define STDC_HEADERS 1
#define VERSION "1.5"
#define __DEBUG 1
#endif
#ifdef __cplusplus
extern "C" void exit (int) throw ();

configure: exit 0

## ---------------------- ##
## Running config.status. ##
## ---------------------- ##

This file was extended by RCU linux tools and drivers for the DCS board  config.status 1.5, which was
generated by GNU Autoconf 2.59.  Invocation command line was

  CONFIG_FILES    = 
  CONFIG_HEADERS  = 
  CONFIG_LINKS    = 
  CONFIG_COMMANDS = 
  $ ./config.status src/Makefile depfiles

on alicns03.cern.ch

config.status:737: creating src/Makefile
config.status:913: executing depfiles commands
