Making all in dcscMsgBufferInterface
make[1]: ディレクトリ `/rcu2/rculinux-2.0/build/dcscMsgBufferInterface' に入ります
if /bin/sh ../libtool --mode=compile --tag=CC arm-uclinuxeabi-gcc -DPACKAGE_NAME=\"RCU\ linux\ tools\ and\ drivers\ for\ the\ DCS\ board\ \" -DPACKAGE_TARNAME=\"rculinux\" -DPACKAGE_VERSION=\"1.5\" -DPACKAGE_STRING=\"RCU\ linux\ tools\ and\ drivers\ for\ the\ DCS\ board\ \ 1.5\" -DPACKAGE_BUGREPORT=\"Matthias.Richter@ift.uib.no\" -DPACKAGE=\"rculinux\" -DVERSION=\"1.5\" -DSTDC_HEADERS=1 -DHAVE_SYS_TYPES_H=1 -DHAVE_SYS_STAT_H=1 -DHAVE_STDLIB_H=1 -DHAVE_STRING_H=1 -DHAVE_MEMORY_H=1 -DHAVE_STRINGS_H=1 -DHAVE_INTTYPES_H=1 -DHAVE_STDINT_H=1 -DHAVE_UNISTD_H=1 -D__DEBUG=1 -DENABLE_MEMORY_GUARD=1  -I. -I../../dcscMsgBufferInterface    -I../../drivers -I../../dcscMsgBufferInterface/driver_include -I/rcu2/release/linux-cortexm-1.11.0/A2F/root/usr/include -g -O2 -mcpu=cortex-m3 -mthumb -L/rcu2/release/linux-cortexm-1.11.0/A2F/root/usr/lib -pthread -MT dcscMsgBufferInterface.lo -MD -MP -MF ".deps/dcscMsgBufferInterface.Tpo" -c -o dcscMsgBufferInterface.lo ../../dcscMsgBufferInterface/dcscMsgBufferInterface.c; \
	then mv -f ".deps/dcscMsgBufferInterface.Tpo" ".deps/dcscMsgBufferInterface.Plo"; else rm -f ".deps/dcscMsgBufferInterface.Tpo"; exit 1; fi
 arm-uclinuxeabi-gcc "-DPACKAGE_NAME=\"RCU linux tools and drivers for the DCS board \"" -DPACKAGE_TARNAME=\"rculinux\" -DPACKAGE_VERSION=\"1.5\" "-DPACKAGE_STRING=\"RCU linux tools and drivers for the DCS board  1.5\"" -DPACKAGE_BUGREPORT=\"Matthias.Richter@ift.uib.no\" -DPACKAGE=\"rculinux\" -DVERSION=\"1.5\" -DSTDC_HEADERS=1 -DHAVE_SYS_TYPES_H=1 -DHAVE_SYS_STAT_H=1 -DHAVE_STDLIB_H=1 -DHAVE_STRING_H=1 -DHAVE_MEMORY_H=1 -DHAVE_STRINGS_H=1 -DHAVE_INTTYPES_H=1 -DHAVE_STDINT_H=1 -DHAVE_UNISTD_H=1 -D__DEBUG=1 -DENABLE_MEMORY_GUARD=1 -I. -I../../dcscMsgBufferInterface -I../../drivers -I../../dcscMsgBufferInterface/driver_include -I/rcu2/release/linux-cortexm-1.11.0/A2F/root/usr/include -g -O2 -mcpu=cortex-m3 -mthumb -L/rcu2/release/linux-cortexm-1.11.0/A2F/root/usr/lib -pthread -MT dcscMsgBufferInterface.lo -MD -MP -MF .deps/dcscMsgBufferInterface.Tpo -c ../../dcscMsgBufferInterface/dcscMsgBufferInterface.c -o dcscMsgBufferInterface.o
if /bin/sh ../libtool --mode=compile --tag=CC arm-uclinuxeabi-gcc -DPACKAGE_NAME=\"RCU\ linux\ tools\ and\ drivers\ for\ the\ DCS\ board\ \" -DPACKAGE_TARNAME=\"rculinux\" -DPACKAGE_VERSION=\"1.5\" -DPACKAGE_STRING=\"RCU\ linux\ tools\ and\ drivers\ for\ the\ DCS\ board\ \ 1.5\" -DPACKAGE_BUGREPORT=\"Matthias.Richter@ift.uib.no\" -DPACKAGE=\"rculinux\" -DVERSION=\"1.5\" -DSTDC_HEADERS=1 -DHAVE_SYS_TYPES_H=1 -DHAVE_SYS_STAT_H=1 -DHAVE_STDLIB_H=1 -DHAVE_STRING_H=1 -DHAVE_MEMORY_H=1 -DHAVE_STRINGS_H=1 -DHAVE_INTTYPES_H=1 -DHAVE_STDINT_H=1 -DHAVE_UNISTD_H=1 -D__DEBUG=1 -DENABLE_MEMORY_GUARD=1  -I. -I../../dcscMsgBufferInterface    -I../../drivers -I../../dcscMsgBufferInterface/driver_include -I/rcu2/release/linux-cortexm-1.11.0/A2F/root/usr/include -g -O2 -mcpu=cortex-m3 -mthumb -L/rcu2/release/linux-cortexm-1.11.0/A2F/root/usr/lib -pthread -MT selectmapInterface.lo -MD -MP -MF ".deps/selectmapInterface.Tpo" -c -o selectmapInterface.lo ../../dcscMsgBufferInterface/selectmapInterface.c; \
	then mv -f ".deps/selectmapInterface.Tpo" ".deps/selectmapInterface.Plo"; else rm -f ".deps/selectmapInterface.Tpo"; exit 1; fi
 arm-uclinuxeabi-gcc "-DPACKAGE_NAME=\"RCU linux tools and drivers for the DCS board \"" -DPACKAGE_TARNAME=\"rculinux\" -DPACKAGE_VERSION=\"1.5\" "-DPACKAGE_STRING=\"RCU linux tools and drivers for the DCS board  1.5\"" -DPACKAGE_BUGREPORT=\"Matthias.Richter@ift.uib.no\" -DPACKAGE=\"rculinux\" -DVERSION=\"1.5\" -DSTDC_HEADERS=1 -DHAVE_SYS_TYPES_H=1 -DHAVE_SYS_STAT_H=1 -DHAVE_STDLIB_H=1 -DHAVE_STRING_H=1 -DHAVE_MEMORY_H=1 -DHAVE_STRINGS_H=1 -DHAVE_INTTYPES_H=1 -DHAVE_STDINT_H=1 -DHAVE_UNISTD_H=1 -D__DEBUG=1 -DENABLE_MEMORY_GUARD=1 -I. -I../../dcscMsgBufferInterface -I../../drivers -I../../dcscMsgBufferInterface/driver_include -I/rcu2/release/linux-cortexm-1.11.0/A2F/root/usr/include -g -O2 -mcpu=cortex-m3 -mthumb -L/rcu2/release/linux-cortexm-1.11.0/A2F/root/usr/lib -pthread -MT selectmapInterface.lo -MD -MP -MF .deps/selectmapInterface.Tpo -c ../../dcscMsgBufferInterface/selectmapInterface.c -o selectmapInterface.o
/bin/sh ../libtool --mode=link --tag=CC arm-uclinuxeabi-gcc -I../../drivers -I../../dcscMsgBufferInterface/driver_include -I/rcu2/release/linux-cortexm-1.11.0/A2F/root/usr/include -g -O2 -all-static -mcpu=cortex-m3 -mthumb -L/rcu2/release/linux-cortexm-1.11.0/A2F/root/usr/lib -pthread  -o libdcscMsgBufferInterface.la   dcscMsgBufferInterface.lo selectmapInterface.lo  
mkdir .libs
arm-uclinuxeabi-ar cru .libs/libdcscMsgBufferInterface.a  dcscMsgBufferInterface.o selectmapInterface.o
arm-uclinuxeabi-ranlib .libs/libdcscMsgBufferInterface.a
creating libdcscMsgBufferInterface.la
(cd .libs && rm -f libdcscMsgBufferInterface.la && ln -s ../libdcscMsgBufferInterface.la libdcscMsgBufferInterface.la)
make[1]: ディレクトリ `/rcu2/rculinux-2.0/build/dcscMsgBufferInterface' から出ます
Making all in src
make[1]: ディレクトリ `/rcu2/rculinux-2.0/build/src' に入ります
if arm-uclinuxeabi-gcc -DPACKAGE_NAME=\"RCU\ linux\ tools\ and\ drivers\ for\ the\ DCS\ board\ \" -DPACKAGE_TARNAME=\"rculinux\" -DPACKAGE_VERSION=\"1.5\" -DPACKAGE_STRING=\"RCU\ linux\ tools\ and\ drivers\ for\ the\ DCS\ board\ \ 1.5\" -DPACKAGE_BUGREPORT=\"Matthias.Richter@ift.uib.no\" -DPACKAGE=\"rculinux\" -DVERSION=\"1.5\" -DSTDC_HEADERS=1 -DHAVE_SYS_TYPES_H=1 -DHAVE_SYS_STAT_H=1 -DHAVE_STDLIB_H=1 -DHAVE_STRING_H=1 -DHAVE_MEMORY_H=1 -DHAVE_STRINGS_H=1 -DHAVE_INTTYPES_H=1 -DHAVE_STDINT_H=1 -DHAVE_UNISTD_H=1 -D__DEBUG=1 -DENABLE_MEMORY_GUARD=1  -I. -I../../src    -I../../dcscMsgBufferInterface -I/rcu2/release/linux-cortexm-1.11.0/A2F/root/usr/include -I../../dcscMsgBufferInterface -g -O2 -mcpu=cortex-m3 -mthumb -L/rcu2/release/linux-cortexm-1.11.0/A2F/root/usr/lib -pthread -MT sendRCUcommand.o -MD -MP -MF ".deps/sendRCUcommand.Tpo" -c -o sendRCUcommand.o ../../src/sendRCUcommand.c; \
	then mv -f ".deps/sendRCUcommand.Tpo" ".deps/sendRCUcommand.Po"; else rm -f ".deps/sendRCUcommand.Tpo"; exit 1; fi
if arm-uclinuxeabi-gcc -DPACKAGE_NAME=\"RCU\ linux\ tools\ and\ drivers\ for\ the\ DCS\ board\ \" -DPACKAGE_TARNAME=\"rculinux\" -DPACKAGE_VERSION=\"1.5\" -DPACKAGE_STRING=\"RCU\ linux\ tools\ and\ drivers\ for\ the\ DCS\ board\ \ 1.5\" -DPACKAGE_BUGREPORT=\"Matthias.Richter@ift.uib.no\" -DPACKAGE=\"rculinux\" -DVERSION=\"1.5\" -DSTDC_HEADERS=1 -DHAVE_SYS_TYPES_H=1 -DHAVE_SYS_STAT_H=1 -DHAVE_STDLIB_H=1 -DHAVE_STRING_H=1 -DHAVE_MEMORY_H=1 -DHAVE_STRINGS_H=1 -DHAVE_INTTYPES_H=1 -DHAVE_STDINT_H=1 -DHAVE_UNISTD_H=1 -D__DEBUG=1 -DENABLE_MEMORY_GUARD=1  -I. -I../../src    -I../../dcscMsgBufferInterface -I/rcu2/release/linux-cortexm-1.11.0/A2F/root/usr/include -I../../dcscMsgBufferInterface -g -O2 -mcpu=cortex-m3 -mthumb -L/rcu2/release/linux-cortexm-1.11.0/A2F/root/usr/lib -pthread -MT mrtimers.o -MD -MP -MF ".deps/mrtimers.Tpo" -c -o mrtimers.o ../../src/mrtimers.c; \
	then mv -f ".deps/mrtimers.Tpo" ".deps/mrtimers.Po"; else rm -f ".deps/mrtimers.Tpo"; exit 1; fi
if arm-uclinuxeabi-gcc -DPACKAGE_NAME=\"RCU\ linux\ tools\ and\ drivers\ for\ the\ DCS\ board\ \" -DPACKAGE_TARNAME=\"rculinux\" -DPACKAGE_VERSION=\"1.5\" -DPACKAGE_STRING=\"RCU\ linux\ tools\ and\ drivers\ for\ the\ DCS\ board\ \ 1.5\" -DPACKAGE_BUGREPORT=\"Matthias.Richter@ift.uib.no\" -DPACKAGE=\"rculinux\" -DVERSION=\"1.5\" -DSTDC_HEADERS=1 -DHAVE_SYS_TYPES_H=1 -DHAVE_SYS_STAT_H=1 -DHAVE_STDLIB_H=1 -DHAVE_STRING_H=1 -DHAVE_MEMORY_H=1 -DHAVE_STRINGS_H=1 -DHAVE_INTTYPES_H=1 -DHAVE_STDINT_H=1 -DHAVE_UNISTD_H=1 -D__DEBUG=1 -DENABLE_MEMORY_GUARD=1  -I. -I../../src    -I../../dcscMsgBufferInterface -I/rcu2/release/linux-cortexm-1.11.0/A2F/root/usr/include -I../../dcscMsgBufferInterface -g -O2 -mcpu=cortex-m3 -mthumb -L/rcu2/release/linux-cortexm-1.11.0/A2F/root/usr/lib -pthread -MT mrshellprim.o -MD -MP -MF ".deps/mrshellprim.Tpo" -c -o mrshellprim.o ../../src/mrshellprim.c; \
	then mv -f ".deps/mrshellprim.Tpo" ".deps/mrshellprim.Po"; else rm -f ".deps/mrshellprim.Tpo"; exit 1; fi
../../src/mrshellprim.c: In function 'ScanArguments':
../../src/mrshellprim.c:729: warning: incompatible implicit declaration of built-in function 'malloc'
../../src/mrshellprim.c:913: warning: incompatible implicit declaration of built-in function 'free'
../../src/mrshellprim.c: In function 'mrShellPrimCloneDef':
../../src/mrshellprim.c:1089: warning: incompatible implicit declaration of built-in function 'malloc'
if arm-uclinuxeabi-gcc -DPACKAGE_NAME=\"RCU\ linux\ tools\ and\ drivers\ for\ the\ DCS\ board\ \" -DPACKAGE_TARNAME=\"rculinux\" -DPACKAGE_VERSION=\"1.5\" -DPACKAGE_STRING=\"RCU\ linux\ tools\ and\ drivers\ for\ the\ DCS\ board\ \ 1.5\" -DPACKAGE_BUGREPORT=\"Matthias.Richter@ift.uib.no\" -DPACKAGE=\"rculinux\" -DVERSION=\"1.5\" -DSTDC_HEADERS=1 -DHAVE_SYS_TYPES_H=1 -DHAVE_SYS_STAT_H=1 -DHAVE_STDLIB_H=1 -DHAVE_STRING_H=1 -DHAVE_MEMORY_H=1 -DHAVE_STRINGS_H=1 -DHAVE_INTTYPES_H=1 -DHAVE_STDINT_H=1 -DHAVE_UNISTD_H=1 -D__DEBUG=1 -DENABLE_MEMORY_GUARD=1  -I. -I../../src    -I../../dcscMsgBufferInterface -I/rcu2/release/linux-cortexm-1.11.0/A2F/root/usr/include -I../../dcscMsgBufferInterface -g -O2 -mcpu=cortex-m3 -mthumb -L/rcu2/release/linux-cortexm-1.11.0/A2F/root/usr/lib -pthread -MT cmdInterpreter.o -MD -MP -MF ".deps/cmdInterpreter.Tpo" -c -o cmdInterpreter.o ../../src/cmdInterpreter.c; \
	then mv -f ".deps/cmdInterpreter.Tpo" ".deps/cmdInterpreter.Po"; else rm -f ".deps/cmdInterpreter.Tpo"; exit 1; fi
if arm-uclinuxeabi-gcc -DPACKAGE_NAME=\"RCU\ linux\ tools\ and\ drivers\ for\ the\ DCS\ board\ \" -DPACKAGE_TARNAME=\"rculinux\" -DPACKAGE_VERSION=\"1.5\" -DPACKAGE_STRING=\"RCU\ linux\ tools\ and\ drivers\ for\ the\ DCS\ board\ \ 1.5\" -DPACKAGE_BUGREPORT=\"Matthias.Richter@ift.uib.no\" -DPACKAGE=\"rculinux\" -DVERSION=\"1.5\" -DSTDC_HEADERS=1 -DHAVE_SYS_TYPES_H=1 -DHAVE_SYS_STAT_H=1 -DHAVE_STDLIB_H=1 -DHAVE_STRING_H=1 -DHAVE_MEMORY_H=1 -DHAVE_STRINGS_H=1 -DHAVE_INTTYPES_H=1 -DHAVE_STDINT_H=1 -DHAVE_UNISTD_H=1 -D__DEBUG=1 -DENABLE_MEMORY_GUARD=1  -I. -I../../src    -I../../dcscMsgBufferInterface -I/rcu2/release/linux-cortexm-1.11.0/A2F/root/usr/include -I../../dcscMsgBufferInterface -g -O2 -mcpu=cortex-m3 -mthumb -L/rcu2/release/linux-cortexm-1.11.0/A2F/root/usr/lib -pthread -MT memoryguard.o -MD -MP -MF ".deps/memoryguard.Tpo" -c -o memoryguard.o ../../src/memoryguard.c; \
	then mv -f ".deps/memoryguard.Tpo" ".deps/memoryguard.Po"; else rm -f ".deps/memoryguard.Tpo"; exit 1; fi
../../src/memoryguard.c: In function 'mmg_init':
../../src/memoryguard.c:198: warning: incompatible implicit declaration of built-in function 'memset'
../../src/memoryguard.c: In function 'mmg_malloc':
../../src/memoryguard.c:222: warning: incompatible implicit declaration of built-in function 'strlen'
../../src/memoryguard.c:239: warning: incompatible implicit declaration of built-in function 'strcpy'
../../src/memoryguard.c: In function 'mmg_free':
../../src/memoryguard.c:268: warning: incompatible implicit declaration of built-in function 'memset'
if arm-uclinuxeabi-gcc -DPACKAGE_NAME=\"RCU\ linux\ tools\ and\ drivers\ for\ the\ DCS\ board\ \" -DPACKAGE_TARNAME=\"rculinux\" -DPACKAGE_VERSION=\"1.5\" -DPACKAGE_STRING=\"RCU\ linux\ tools\ and\ drivers\ for\ the\ DCS\ board\ \ 1.5\" -DPACKAGE_BUGREPORT=\"Matthias.Richter@ift.uib.no\" -DPACKAGE=\"rculinux\" -DVERSION=\"1.5\" -DSTDC_HEADERS=1 -DHAVE_SYS_TYPES_H=1 -DHAVE_SYS_STAT_H=1 -DHAVE_STDLIB_H=1 -DHAVE_STRING_H=1 -DHAVE_MEMORY_H=1 -DHAVE_STRINGS_H=1 -DHAVE_INTTYPES_H=1 -DHAVE_STDINT_H=1 -DHAVE_UNISTD_H=1 -D__DEBUG=1 -DENABLE_MEMORY_GUARD=1  -I. -I../../src    -I../../dcscMsgBufferInterface -I/rcu2/release/linux-cortexm-1.11.0/A2F/root/usr/include -I../../dcscMsgBufferInterface -g -O2 -mcpu=cortex-m3 -mthumb -L/rcu2/release/linux-cortexm-1.11.0/A2F/root/usr/lib -pthread -MT Getline.o -MD -MP -MF ".deps/Getline.Tpo" -c -o Getline.o ../../src/Getline.c; \
	then mv -f ".deps/Getline.Tpo" ".deps/Getline.Po"; else rm -f ".deps/Getline.Tpo"; exit 1; fi
/bin/sh ../libtool --mode=link --tag=CC arm-uclinuxeabi-gcc -I../../dcscMsgBufferInterface -I/rcu2/release/linux-cortexm-1.11.0/A2F/root/usr/include -I../../dcscMsgBufferInterface -g -O2 -all-static -mcpu=cortex-m3 -mthumb -L/rcu2/release/linux-cortexm-1.11.0/A2F/root/usr/lib -pthread  -o rcu-sh  sendRCUcommand.o mrtimers.o mrshellprim.o cmdInterpreter.o memoryguard.o Getline.o ../dcscMsgBufferInterface/dcscMsgBufferInterface.o ../dcscMsgBufferInterface/selectmapInterface.o 
mkdir .libs
arm-uclinuxeabi-gcc -I../../dcscMsgBufferInterface -I/rcu2/release/linux-cortexm-1.11.0/A2F/root/usr/include -I../../dcscMsgBufferInterface -g -O2 -static -mcpu=cortex-m3 -mthumb -pthread -o rcu-sh sendRCUcommand.o mrtimers.o mrshellprim.o cmdInterpreter.o memoryguard.o Getline.o ../dcscMsgBufferInterface/dcscMsgBufferInterface.o ../dcscMsgBufferInterface/selectmapInterface.o  -L/rcu2/release/linux-cortexm-1.11.0/A2F/root/usr/lib  
Getline.o: In function `Gl_histadd':
/rcu2/rculinux-2.0/build/src/../../src/Getline.c:1394: warning: the use of `tmpnam' is dangerous, better use `mkstemp'
if arm-uclinuxeabi-gcc -DPACKAGE_NAME=\"RCU\ linux\ tools\ and\ drivers\ for\ the\ DCS\ board\ \" -DPACKAGE_TARNAME=\"rculinux\" -DPACKAGE_VERSION=\"1.5\" -DPACKAGE_STRING=\"RCU\ linux\ tools\ and\ drivers\ for\ the\ DCS\ board\ \ 1.5\" -DPACKAGE_BUGREPORT=\"Matthias.Richter@ift.uib.no\" -DPACKAGE=\"rculinux\" -DVERSION=\"1.5\" -DSTDC_HEADERS=1 -DHAVE_SYS_TYPES_H=1 -DHAVE_SYS_STAT_H=1 -DHAVE_STDLIB_H=1 -DHAVE_STRING_H=1 -DHAVE_MEMORY_H=1 -DHAVE_STRINGS_H=1 -DHAVE_INTTYPES_H=1 -DHAVE_STDINT_H=1 -DHAVE_UNISTD_H=1 -D__DEBUG=1 -DENABLE_MEMORY_GUARD=1  -I. -I../../src    -I../../dcscMsgBufferInterface -I/rcu2/release/linux-cortexm-1.11.0/A2F/root/usr/include -I../../dcscMsgBufferInterface -g -O2 -mcpu=cortex-m3 -mthumb -L/rcu2/release/linux-cortexm-1.11.0/A2F/root/usr/lib -pthread -MT framegen.o -MD -MP -MF ".deps/framegen.Tpo" -c -o framegen.o ../../src/framegen.c; \
	then mv -f ".deps/framegen.Tpo" ".deps/framegen.Po"; else rm -f ".deps/framegen.Tpo"; exit 1; fi
if arm-uclinuxeabi-gcc -DPACKAGE_NAME=\"RCU\ linux\ tools\ and\ drivers\ for\ the\ DCS\ board\ \" -DPACKAGE_TARNAME=\"rculinux\" -DPACKAGE_VERSION=\"1.5\" -DPACKAGE_STRING=\"RCU\ linux\ tools\ and\ drivers\ for\ the\ DCS\ board\ \ 1.5\" -DPACKAGE_BUGREPORT=\"Matthias.Richter@ift.uib.no\" -DPACKAGE=\"rculinux\" -DVERSION=\"1.5\" -DSTDC_HEADERS=1 -DHAVE_SYS_TYPES_H=1 -DHAVE_SYS_STAT_H=1 -DHAVE_STDLIB_H=1 -DHAVE_STRING_H=1 -DHAVE_MEMORY_H=1 -DHAVE_STRINGS_H=1 -DHAVE_INTTYPES_H=1 -DHAVE_STDINT_H=1 -DHAVE_UNISTD_H=1 -D__DEBUG=1 -DENABLE_MEMORY_GUARD=1  -I. -I../../src    -I../../dcscMsgBufferInterface -I/rcu2/release/linux-cortexm-1.11.0/A2F/root/usr/include -I../../dcscMsgBufferInterface -g -O2 -mcpu=cortex-m3 -mthumb -L/rcu2/release/linux-cortexm-1.11.0/A2F/root/usr/lib -pthread -MT framehelpers.o -MD -MP -MF ".deps/framehelpers.Tpo" -c -o framehelpers.o ../../src/framehelpers.c; \
	then mv -f ".deps/framehelpers.Tpo" ".deps/framehelpers.Po"; else rm -f ".deps/framehelpers.Tpo"; exit 1; fi
../../src/framehelpers.c: In function 'getHexValueFromLine':
../../src/framehelpers.c:362: warning: incompatible implicit declaration of built-in function 'strncpy'
/bin/sh ../libtool --mode=link --tag=CC arm-uclinuxeabi-gcc -I../../dcscMsgBufferInterface -I/rcu2/release/linux-cortexm-1.11.0/A2F/root/usr/include -I../../dcscMsgBufferInterface -g -O2 -all-static -mcpu=cortex-m3 -mthumb -L/rcu2/release/linux-cortexm-1.11.0/A2F/root/usr/lib -pthread  -o framegen  framegen.o framehelpers.o ../dcscMsgBufferInterface/dcscMsgBufferInterface.o 
arm-uclinuxeabi-gcc -I../../dcscMsgBufferInterface -I/rcu2/release/linux-cortexm-1.11.0/A2F/root/usr/include -I../../dcscMsgBufferInterface -g -O2 -static -mcpu=cortex-m3 -mthumb -pthread -o framegen framegen.o framehelpers.o ../dcscMsgBufferInterface/dcscMsgBufferInterface.o  -L/rcu2/release/linux-cortexm-1.11.0/A2F/root/usr/lib  
if arm-uclinuxeabi-gcc -DPACKAGE_NAME=\"RCU\ linux\ tools\ and\ drivers\ for\ the\ DCS\ board\ \" -DPACKAGE_TARNAME=\"rculinux\" -DPACKAGE_VERSION=\"1.5\" -DPACKAGE_STRING=\"RCU\ linux\ tools\ and\ drivers\ for\ the\ DCS\ board\ \ 1.5\" -DPACKAGE_BUGREPORT=\"Matthias.Richter@ift.uib.no\" -DPACKAGE=\"rculinux\" -DVERSION=\"1.5\" -DSTDC_HEADERS=1 -DHAVE_SYS_TYPES_H=1 -DHAVE_SYS_STAT_H=1 -DHAVE_STDLIB_H=1 -DHAVE_STRING_H=1 -DHAVE_MEMORY_H=1 -DHAVE_STRINGS_H=1 -DHAVE_INTTYPES_H=1 -DHAVE_STDINT_H=1 -DHAVE_UNISTD_H=1 -D__DEBUG=1 -DENABLE_MEMORY_GUARD=1  -I. -I../../src    -I../../dcscMsgBufferInterface -I/rcu2/release/linux-cortexm-1.11.0/A2F/root/usr/include -I../../dcscMsgBufferInterface -g -O2 -mcpu=cortex-m3 -mthumb -L/rcu2/release/linux-cortexm-1.11.0/A2F/root/usr/lib -pthread -MT framever.o -MD -MP -MF ".deps/framever.Tpo" -c -o framever.o ../../src/framever.c; \
	then mv -f ".deps/framever.Tpo" ".deps/framever.Po"; else rm -f ".deps/framever.Tpo"; exit 1; fi
/bin/sh ../libtool --mode=link --tag=CC arm-uclinuxeabi-gcc -I../../dcscMsgBufferInterface -I/rcu2/release/linux-cortexm-1.11.0/A2F/root/usr/include -I../../dcscMsgBufferInterface -g -O2 -all-static -mcpu=cortex-m3 -mthumb -L/rcu2/release/linux-cortexm-1.11.0/A2F/root/usr/lib -pthread  -o framever  framever.o framehelpers.o ../dcscMsgBufferInterface/dcscMsgBufferInterface.o 
arm-uclinuxeabi-gcc -I../../dcscMsgBufferInterface -I/rcu2/release/linux-cortexm-1.11.0/A2F/root/usr/include -I../../dcscMsgBufferInterface -g -O2 -static -mcpu=cortex-m3 -mthumb -pthread -o framever framever.o framehelpers.o ../dcscMsgBufferInterface/dcscMsgBufferInterface.o  -L/rcu2/release/linux-cortexm-1.11.0/A2F/root/usr/lib  
if arm-uclinuxeabi-gcc -DPACKAGE_NAME=\"RCU\ linux\ tools\ and\ drivers\ for\ the\ DCS\ board\ \" -DPACKAGE_TARNAME=\"rculinux\" -DPACKAGE_VERSION=\"1.5\" -DPACKAGE_STRING=\"RCU\ linux\ tools\ and\ drivers\ for\ the\ DCS\ board\ \ 1.5\" -DPACKAGE_BUGREPORT=\"Matthias.Richter@ift.uib.no\" -DPACKAGE=\"rculinux\" -DVERSION=\"1.5\" -DSTDC_HEADERS=1 -DHAVE_SYS_TYPES_H=1 -DHAVE_SYS_STAT_H=1 -DHAVE_STDLIB_H=1 -DHAVE_STRING_H=1 -DHAVE_MEMORY_H=1 -DHAVE_STRINGS_H=1 -DHAVE_INTTYPES_H=1 -DHAVE_STDINT_H=1 -DHAVE_UNISTD_H=1 -D__DEBUG=1 -DENABLE_MEMORY_GUARD=1  -I. -I../../src    -I../../dcscMsgBufferInterface -I/rcu2/release/linux-cortexm-1.11.0/A2F/root/usr/include -I../../dcscMsgBufferInterface -g -O2 -mcpu=cortex-m3 -mthumb -L/rcu2/release/linux-cortexm-1.11.0/A2F/root/usr/lib -pthread -MT rcuflashprog.o -MD -MP -MF ".deps/rcuflashprog.Tpo" -c -o rcuflashprog.o ../../src/rcuflashprog.c; \
	then mv -f ".deps/rcuflashprog.Tpo" ".deps/rcuflashprog.Po"; else rm -f ".deps/rcuflashprog.Tpo"; exit 1; fi
/bin/sh ../libtool --mode=link --tag=CC arm-uclinuxeabi-gcc -I../../dcscMsgBufferInterface -I/rcu2/release/linux-cortexm-1.11.0/A2F/root/usr/include -I../../dcscMsgBufferInterface -g -O2 -all-static -mcpu=cortex-m3 -mthumb -L/rcu2/release/linux-cortexm-1.11.0/A2F/root/usr/lib -pthread  -o rcuflashprog  rcuflashprog.o framehelpers.o ../dcscMsgBufferInterface/dcscMsgBufferInterface.o 
arm-uclinuxeabi-gcc -I../../dcscMsgBufferInterface -I/rcu2/release/linux-cortexm-1.11.0/A2F/root/usr/include -I../../dcscMsgBufferInterface -g -O2 -static -mcpu=cortex-m3 -mthumb -pthread -o rcuflashprog rcuflashprog.o framehelpers.o ../dcscMsgBufferInterface/dcscMsgBufferInterface.o  -L/rcu2/release/linux-cortexm-1.11.0/A2F/root/usr/lib  
if arm-uclinuxeabi-gcc -DPACKAGE_NAME=\"RCU\ linux\ tools\ and\ drivers\ for\ the\ DCS\ board\ \" -DPACKAGE_TARNAME=\"rculinux\" -DPACKAGE_VERSION=\"1.5\" -DPACKAGE_STRING=\"RCU\ linux\ tools\ and\ drivers\ for\ the\ DCS\ board\ \ 1.5\" -DPACKAGE_BUGREPORT=\"Matthias.Richter@ift.uib.no\" -DPACKAGE=\"rculinux\" -DVERSION=\"1.5\" -DSTDC_HEADERS=1 -DHAVE_SYS_TYPES_H=1 -DHAVE_SYS_STAT_H=1 -DHAVE_STDLIB_H=1 -DHAVE_STRING_H=1 -DHAVE_MEMORY_H=1 -DHAVE_STRINGS_H=1 -DHAVE_INTTYPES_H=1 -DHAVE_STDINT_H=1 -DHAVE_UNISTD_H=1 -D__DEBUG=1 -DENABLE_MEMORY_GUARD=1  -I. -I../../src    -I../../dcscMsgBufferInterface -I/rcu2/release/linux-cortexm-1.11.0/A2F/root/usr/include -I../../dcscMsgBufferInterface -g -O2 -mcpu=cortex-m3 -mthumb -L/rcu2/release/linux-cortexm-1.11.0/A2F/root/usr/lib -pthread -MT bitswapper.o -MD -MP -MF ".deps/bitswapper.Tpo" -c -o bitswapper.o ../../src/bitswapper.c; \
	then mv -f ".deps/bitswapper.Tpo" ".deps/bitswapper.Po"; else rm -f ".deps/bitswapper.Tpo"; exit 1; fi
/bin/sh ../libtool --mode=link --tag=CC arm-uclinuxeabi-gcc -I../../dcscMsgBufferInterface -I/rcu2/release/linux-cortexm-1.11.0/A2F/root/usr/include -I../../dcscMsgBufferInterface -g -O2 -all-static -mcpu=cortex-m3 -mthumb -L/rcu2/release/linux-cortexm-1.11.0/A2F/root/usr/lib -pthread  -o bitswapper  bitswapper.o ../dcscMsgBufferInterface/dcscMsgBufferInterface.o 
arm-uclinuxeabi-gcc -I../../dcscMsgBufferInterface -I/rcu2/release/linux-cortexm-1.11.0/A2F/root/usr/include -I../../dcscMsgBufferInterface -g -O2 -static -mcpu=cortex-m3 -mthumb -pthread -o bitswapper bitswapper.o ../dcscMsgBufferInterface/dcscMsgBufferInterface.o  -L/rcu2/release/linux-cortexm-1.11.0/A2F/root/usr/lib  
if arm-uclinuxeabi-gcc -DPACKAGE_NAME=\"RCU\ linux\ tools\ and\ drivers\ for\ the\ DCS\ board\ \" -DPACKAGE_TARNAME=\"rculinux\" -DPACKAGE_VERSION=\"1.5\" -DPACKAGE_STRING=\"RCU\ linux\ tools\ and\ drivers\ for\ the\ DCS\ board\ \ 1.5\" -DPACKAGE_BUGREPORT=\"Matthias.Richter@ift.uib.no\" -DPACKAGE=\"rculinux\" -DVERSION=\"1.5\" -DSTDC_HEADERS=1 -DHAVE_SYS_TYPES_H=1 -DHAVE_SYS_STAT_H=1 -DHAVE_STDLIB_H=1 -DHAVE_STRING_H=1 -DHAVE_MEMORY_H=1 -DHAVE_STRINGS_H=1 -DHAVE_INTTYPES_H=1 -DHAVE_STDINT_H=1 -DHAVE_UNISTD_H=1 -D__DEBUG=1 -DENABLE_MEMORY_GUARD=1  -I. -I../../src    -I../../dcscMsgBufferInterface -I/rcu2/release/linux-cortexm-1.11.0/A2F/root/usr/include -I../../dcscMsgBufferInterface -g -O2 -mcpu=cortex-m3 -mthumb -L/rcu2/release/linux-cortexm-1.11.0/A2F/root/usr/lib -pthread -MT simple.o -MD -MP -MF ".deps/simple.Tpo" -c -o simple.o ../../src/simple.c; \
	then mv -f ".deps/simple.Tpo" ".deps/simple.Po"; else rm -f ".deps/simple.Tpo"; exit 1; fi
/bin/sh ../libtool --mode=link --tag=CC arm-uclinuxeabi-gcc -I../../dcscMsgBufferInterface -I/rcu2/release/linux-cortexm-1.11.0/A2F/root/usr/include -I../../dcscMsgBufferInterface -g -O2 -all-static -mcpu=cortex-m3 -mthumb -L/rcu2/release/linux-cortexm-1.11.0/A2F/root/usr/lib -pthread  -o simple  simple.o  
arm-uclinuxeabi-gcc -I../../dcscMsgBufferInterface -I/rcu2/release/linux-cortexm-1.11.0/A2F/root/usr/include -I../../dcscMsgBufferInterface -g -O2 -static -mcpu=cortex-m3 -mthumb -pthread -o simple simple.o  -L/rcu2/release/linux-cortexm-1.11.0/A2F/root/usr/lib  
make[1]: ディレクトリ `/rcu2/rculinux-2.0/build/src' から出ます
Making all in doc
make[1]: ディレクトリ `/rcu2/rculinux-2.0/build/doc' に入ります
/usr/bin/doxygen doxygen.conf  
for i in `find ../../doc -name '*.png' -or -name '*.gif'`; \
		do cp -f $i html/pic_`basename $i`; done
make[1]: ディレクトリ `/rcu2/rculinux-2.0/build/doc' から出ます
make[1]: ディレクトリ `/rcu2/rculinux-2.0/build' に入ります
make -C drivers modules
make[2]: ディレクトリ `/rcu2/rculinux-2.0/build/drivers' に入ります
make -C /rcu2/release/linux-cortexm-1.11.0/linux M=/rcu2/rculinux-2.0/drivers modules CFLAGS="" LDFLAGS=""
make[3]: ディレクトリ `/rcu2/release/linux-cortexm-1.11.0/linux' に入ります
  CC [M]  /rcu2/rculinux-2.0/drivers/sample.o
  CC [M]  /rcu2/rculinux-2.0/drivers/dcs_driver.o
/rcu2/rculinux-2.0/drivers/dcs_driver.c: In function '__check_msgbuf_in_physaddr':
/rcu2/rculinux-2.0/drivers/dcs_driver.c:101: warning: return from incompatible pointer type
/rcu2/rculinux-2.0/drivers/dcs_driver.c: In function '__check_msgbuf_out_physaddr':
/rcu2/rculinux-2.0/drivers/dcs_driver.c:102: warning: return from incompatible pointer type
/rcu2/rculinux-2.0/drivers/dcs_driver.c: In function '__check_regfile_physaddr':
/rcu2/rculinux-2.0/drivers/dcs_driver.c:103: warning: return from incompatible pointer type
/rcu2/rculinux-2.0/drivers/dcs_driver.c: At top level:
/rcu2/rculinux-2.0/drivers/dcs_driver.c:153: warning: 'dcs_comparevalue' defined but not used
  CC [M]  /rcu2/rculinux-2.0/drivers/mrKernLogging.o
/rcu2/rculinux-2.0/drivers/mrKernLogging.c: In function 'mrAddLogPrefix':
/rcu2/rculinux-2.0/drivers/mrKernLogging.c:108: warning: assignment discards qualifiers from pointer target type
  LD [M]  /rcu2/rculinux-2.0/drivers/rcubus_driver.o
  Building modules, stage 2.
  MODPOST 2 modules
  CC      /rcu2/rculinux-2.0/drivers/rcubus_driver.mod.o
  LD [M]  /rcu2/rculinux-2.0/drivers/rcubus_driver.ko
  CC      /rcu2/rculinux-2.0/drivers/sample.mod.o
  LD [M]  /rcu2/rculinux-2.0/drivers/sample.ko
make[3]: ディレクトリ `/rcu2/release/linux-cortexm-1.11.0/linux' から出ます
mv /rcu2/rculinux-2.0/drivers/*.o /rcu2/rculinux-2.0/build/drivers
mv /rcu2/rculinux-2.0/drivers/*.ko /rcu2/rculinux-2.0/build/drivers
make[2]: ディレクトリ `/rcu2/rculinux-2.0/build/drivers' から出ます
make[1]: ディレクトリ `/rcu2/rculinux-2.0/build' から出ます
